{
  "version": 2,
  "status": "error",
  "tests": [],
  "message": "/tmp/example-syntax-error/example_syntax_error.f90:37:47:\\\\n\\\\n   37 |   function hey(statement_THIS_IS_A_SYNTAX_ERROR)\\\\n      |                                               1\\\\nError: Symbol 'statement_this_is_a_syntax_error' at (1) has no IMPLICIT type\\\\n/tmp/example-syntax-error/example_syntax_error.f90:39:45:\\\\n\\\\n   39 |     character(len=*), intent(in) :: statement\\\\n      |                                             1\\\\nError: Symbol at (1) is not a DUMMY variable\\\\nmake[2]: *** [CMakeFiles/example-syntax-error.dir/build.make:63: CMakeFiles/example-syntax-error.dir/example_syntax_error.f90.o] Error 1\\\\nmake[1]: *** [CMakeFiles/Makefile2:348: CMakeFiles/example-syntax-error.dir/all] Error 2\\\\nmake: *** [Makefile:95: all] Error 2\\\\n"
}
