{
  "version": 2,
  "status": "error",
  "tests": [],
  "message": "/tmp/example-empty-file/bob_test.f90:28:6:\\\\n\\\\n   28 |   use TesterMain\\\\n      |      1\\\\nFatal Error: Cannot open module file 'testermain.mod' for reading at (1): No such file or directory\\\\ncompilation terminated.\\\\nmake[2]: *** [CMakeFiles/bob.dir/build.make:76: CMakeFiles/bob.dir/bob_test.f90.o] Error 1\\\\nmake[1]: *** [CMakeFiles/Makefile2:348: CMakeFiles/bob.dir/all] Error 2\\\\nmake: *** [Makefile:95: all] Error 2\\\\n"
}
